Compiled application.js  (6ms)  (pid 504)
Compiled jquery.js  (3ms)  (pid 504)
Compiled jquery_ujs.js  (0ms)  (pid 504)
Compiled completed_quests.js  (120ms)  (pid 504)
Compiled home.js  (1ms)  (pid 504)
Compiled profiles.js  (0ms)  (pid 504)
Compiled quest_masters.js  (0ms)  (pid 504)
Compiled quest_trees.js  (0ms)  (pid 504)
Compiled quests.js  (0ms)  (pid 504)
Compiled sessions.js  (1ms)  (pid 504)
Compiled specialties.js  (0ms)  (pid 504)
Compiled users.js  (0ms)  (pid 504)
Compiled application.css  (4ms)  (pid 504)
Compiled completed_quests.css  (12ms)  (pid 504)
Compiled home.css  (1ms)  (pid 504)
Compiled profiles.css  (1ms)  (pid 504)
Compiled quest_masters.css  (1ms)  (pid 504)
Compiled quest_trees.css  (1ms)  (pid 504)
Compiled quests.css  (1ms)  (pid 504)
Compiled scaffolds.css  (16ms)  (pid 504)
Compiled secret.css  (6ms)  (pid 504)
Compiled sessions.css  (2ms)  (pid 504)
Compiled specialties.css  (1ms)  (pid 504)
Compiled users.css  (2ms)  (pid 504)
Compiled application.js  (6ms)  (pid 474)
Compiled jquery.js  (36ms)  (pid 474)
Compiled jquery_ujs.js  (1ms)  (pid 474)
Compiled completed_quests.js  (242ms)  (pid 474)
Compiled home.js  (1ms)  (pid 474)
Compiled profiles.js  (0ms)  (pid 474)
Compiled quest_masters.js  (0ms)  (pid 474)
Compiled quest_trees.js  (0ms)  (pid 474)
Compiled quests.js  (0ms)  (pid 474)
Compiled sessions.js  (0ms)  (pid 474)
Compiled specialties.js  (0ms)  (pid 474)
Compiled users.js  (0ms)  (pid 474)
Compiled application.css  (4ms)  (pid 474)
Compiled completed_quests.css  (53ms)  (pid 474)
Compiled home.css  (1ms)  (pid 474)
Compiled profiles.css  (1ms)  (pid 474)
Compiled quest_masters.css  (2ms)  (pid 474)
Compiled quest_trees.css  (1ms)  (pid 474)
Compiled quests.css  (1ms)  (pid 474)
Compiled scaffolds.css  (17ms)  (pid 474)
Compiled secret.css  (6ms)  (pid 474)
Compiled sessions.css  (2ms)  (pid 474)
Compiled specialties.css  (1ms)  (pid 474)
Compiled users.css  (2ms)  (pid 474)
